<?xml version="1.0" encoding="UTF-8"?>
<testng-results skipped="0" failed="0" total="6" passed="6">
  <reporter-output>
  </reporter-output>
  <suite name="Default suite" duration-ms="26837" started-at="2015-06-02T09:39:16Z" finished-at="2015-06-02T09:39:43Z">
    <groups>
    </groups>
    <test name="Default test" duration-ms="26837" started-at="2015-06-02T09:39:16Z" finished-at="2015-06-02T09:39:43Z">
      <class name="testMail.TestGmail">
        <test-method status="PASS" signature="startBrowser()[pri:0, instance:testMail.TestGmail@3774c880]" name="startBrowser" is-config="true" duration-ms="6074" started-at="2015-06-02T12:39:16Z" description="Start browser" finished-at="2015-06-02T12:39:22Z">
          <reporter-output>
          </reporter-output>
        </test-method> <!-- startBrowser -->
        <test-method status="PASS" signature="login()[pri:0, instance:testMail.TestGmail@3774c880]" name="login" duration-ms="3705" started-at="2015-06-02T12:39:22Z" description="Login" finished-at="2015-06-02T12:39:26Z">
          <reporter-output>
          </reporter-output>
        </test-method> <!-- login -->
        <test-method status="PASS" signature="createNewLetter()[pri:0, instance:testMail.TestGmail@3774c880]" name="createNewLetter" duration-ms="5897" started-at="2015-06-02T12:39:26Z" description="Cretae new letter" depends-on-methods="testMail.TestGmail.login" finished-at="2015-06-02T12:39:32Z">
          <reporter-output>
          </reporter-output>
        </test-method> <!-- createNewLetter -->
        <test-method status="PASS" signature="verifyBodyOfLetter()[pri:0, instance:testMail.TestGmail@3774c880]" name="verifyBodyOfLetter" duration-ms="1670" started-at="2015-06-02T12:39:32Z" description="Verify body of letter" depends-on-methods="testMail.TestGmail.createNewLetter" finished-at="2015-06-02T12:39:33Z">
          <reporter-output>
          </reporter-output>
        </test-method> <!-- verifyBodyOfLetter -->
        <test-method status="PASS" signature="verifyDraftIsDisappear()[pri:0, instance:testMail.TestGmail@3774c880]" name="verifyDraftIsDisappear" duration-ms="471" started-at="2015-06-02T12:39:33Z" description="Verify draft is disappear" depends-on-methods="testMail.TestGmail.verifyBodyOfLetter" finished-at="2015-06-02T12:39:34Z">
          <reporter-output>
          </reporter-output>
        </test-method> <!-- verifyDraftIsDisappear -->
        <test-method status="PASS" signature="verifySendedLetters()[pri:0, instance:testMail.TestGmail@3774c880]" name="verifySendedLetters" duration-ms="5637" started-at="2015-06-02T12:39:34Z" description="Verify sended letters" depends-on-methods="testMail.TestGmail.verifyDraftIsDisappear" finished-at="2015-06-02T12:39:39Z">
          <reporter-output>
          </reporter-output>
        </test-method> <!-- verifySendedLetters -->
        <test-method status="PASS" signature="logout()[pri:0, instance:testMail.TestGmail@3774c880]" name="logout" duration-ms="3093" started-at="2015-06-02T12:39:39Z" description="Logout" depends-on-methods="testMail.TestGmail.verifySendedLetters" finished-at="2015-06-02T12:39:43Z">
          <reporter-output>
          </reporter-output>
        </test-method> <!-- logout -->
        <test-method status="PASS" signature="afterClass()[pri:0, instance:testMail.TestGmail@3774c880]" name="afterClass" is-config="true" duration-ms="270" started-at="2015-06-02T12:39:43Z" finished-at="2015-06-02T12:39:43Z">
          <reporter-output>
          </reporter-output>
        </test-method> <!-- afterClass -->
      </class> <!-- testMail.TestGmail -->
    </test> <!-- Default test -->
  </suite> <!-- Default suite -->
</testng-results>
