<?xml version="1.0" encoding="UTF-8"?>
<testng-results skipped="0" failed="0" total="6" passed="6">
  <reporter-output>
  </reporter-output>
  <suite name="Default suite" duration-ms="25749" started-at="2015-05-27T16:17:05Z" finished-at="2015-05-27T16:17:31Z">
    <groups>
    </groups>
    <test name="Default test" duration-ms="25749" started-at="2015-05-27T16:17:05Z" finished-at="2015-05-27T16:17:31Z">
      <class name="testMail.TestYandex">
        <test-method status="PASS" signature="startBrowser()[pri:0, instance:testMail.TestYandex@7dc36524]" name="startBrowser" is-config="true" duration-ms="9693" started-at="2015-05-27T19:17:05Z" description="Start browser" finished-at="2015-05-27T19:17:15Z">
          <reporter-output>
          </reporter-output>
        </test-method> <!-- startBrowser -->
        <test-method status="PASS" signature="login()[pri:0, instance:testMail.TestYandex@7dc36524]" name="login" duration-ms="4651" started-at="2015-05-27T19:17:15Z" description="Login" finished-at="2015-05-27T19:17:19Z">
          <reporter-output>
          </reporter-output>
        </test-method> <!-- login -->
        <test-method status="PASS" signature="createNewLetter()[pri:0, instance:testMail.TestYandex@7dc36524]" name="createNewLetter" duration-ms="4066" started-at="2015-05-27T19:17:19Z" description="Cretae new letter" depends-on-methods="testMail.TestYandex.login" finished-at="2015-05-27T19:17:23Z">
          <reporter-output>
          </reporter-output>
        </test-method> <!-- createNewLetter -->
        <test-method status="PASS" signature="verifyBodyOfLetter()[pri:0, instance:testMail.TestYandex@7dc36524]" name="verifyBodyOfLetter" duration-ms="1205" started-at="2015-05-27T19:17:23Z" description="Verify body of letter" depends-on-methods="testMail.TestYandex.createNewLetter" finished-at="2015-05-27T19:17:25Z">
          <reporter-output>
          </reporter-output>
        </test-method> <!-- verifyBodyOfLetter -->
        <test-method status="PASS" signature="verifyDraftIsDisappear()[pri:0, instance:testMail.TestYandex@7dc36524]" name="verifyDraftIsDisappear" duration-ms="691" started-at="2015-05-27T19:17:25Z" description="Verify draft is disappear" depends-on-methods="testMail.TestYandex.verifyBodyOfLetter" finished-at="2015-05-27T19:17:25Z">
          <reporter-output>
          </reporter-output>
        </test-method> <!-- verifyDraftIsDisappear -->
        <test-method status="PASS" signature="verifySendedLetters()[pri:0, instance:testMail.TestYandex@7dc36524]" name="verifySendedLetters" duration-ms="584" started-at="2015-05-27T19:17:25Z" description="Verify sended letters" depends-on-methods="testMail.TestYandex.verifyDraftIsDisappear" finished-at="2015-05-27T19:17:26Z">
          <reporter-output>
          </reporter-output>
        </test-method> <!-- verifySendedLetters -->
        <test-method status="PASS" signature="logout()[pri:0, instance:testMail.TestYandex@7dc36524]" name="logout" duration-ms="2257" started-at="2015-05-27T19:17:26Z" description="Logout" depends-on-methods="testMail.TestYandex.verifySendedLetters" finished-at="2015-05-27T19:17:28Z">
          <reporter-output>
          </reporter-output>
        </test-method> <!-- logout -->
        <test-method status="PASS" signature="afterClass()[pri:0, instance:testMail.TestYandex@7dc36524]" name="afterClass" is-config="true" duration-ms="2548" started-at="2015-05-27T19:17:28Z" finished-at="2015-05-27T19:17:31Z">
          <reporter-output>
          </reporter-output>
        </test-method> <!-- afterClass -->
      </class> <!-- testMail.TestYandex -->
    </test> <!-- Default test -->
  </suite> <!-- Default suite -->
</testng-results>
