<?xml version="1.0" encoding="UTF-8"?>
<!-- Generated by org.testng.reporters.JUnitXMLReporter -->
<testsuite hostname="EPUAKHAW0224" name="Default test" tests="6" failures="0" timestamp="2 Jun 2015 09:39:43 GMT" time="26.837" errors="0">
  <testcase name="login" time="3.705" classname="testMail.TestGmail"/>
  <testcase name="createNewLetter" time="5.897" classname="testMail.TestGmail"/>
  <testcase name="verifyBodyOfLetter" time="1.67" classname="testMail.TestGmail"/>
  <testcase name="verifyDraftIsDisappear" time="0.471" classname="testMail.TestGmail"/>
  <testcase name="verifySendedLetters" time="5.637" classname="testMail.TestGmail"/>
  <testcase name="logout" time="3.093" classname="testMail.TestGmail"/>
</testsuite> <!-- Default test -->
