<?xml version="1.0" encoding="UTF-8"?>
<!-- Generated by org.testng.reporters.JUnitXMLReporter -->
<testsuite hostname="EPUAKHAW0722" name="Default test" tests="6" failures="0" timestamp="27 May 2015 16:17:31 GMT" time="25.749" errors="0">
  <testcase name="login" time="4.651" classname="testMail.TestYandex"/>
  <testcase name="createNewLetter" time="4.066" classname="testMail.TestYandex"/>
  <testcase name="verifyBodyOfLetter" time="1.205" classname="testMail.TestYandex"/>
  <testcase name="verifyDraftIsDisappear" time="0.691" classname="testMail.TestYandex"/>
  <testcase name="verifySendedLetters" time="0.584" classname="testMail.TestYandex"/>
  <testcase name="logout" time="2.257" classname="testMail.TestYandex"/>
</testsuite> <!-- Default test -->
